0 info it worked if it ends with ok
1 verbose cli [ '/home/musichen/.nvm/versions/io.js/v1.8.4/bin/iojs',
1 verbose cli   '/home/musichen/.nvm/versions/io.js/v1.8.4/bin/npm',
1 verbose cli   'install' ]
2 info using npm@2.9.0
3 info using node@v1.8.4
4 verbose readDependencies loading dependencies from /home/musichen/dev/p/appjs/togglreport/data/package.json
5 warn package.json togglreport@0.0.1 No README data
6 verbose install where, deps [ '/home/musichen/dev/p/appjs/togglreport/data',
6 verbose install   [ 'appjs',
6 verbose install     'mime',
6 verbose install     'appjs-linux-x64',
6 verbose install     'appjs-win32',
6 verbose install     'appjs-darwin' ] ]
7 verbose install where, peers [ '/home/musichen/dev/p/appjs/togglreport/data', [] ]
8 verbose installManyTop reading for lifecycle /home/musichen/dev/p/appjs/togglreport/data/package.json
9 info preinstall togglreport@0.0.1
10 verbose installManyTop reading scoped package data from /home/musichen/dev/p/appjs/togglreport/data/node_modules/appjs/package.json
11 verbose installManyTop reading scoped package data from /home/musichen/dev/p/appjs/togglreport/data/node_modules/appjs-linux-x64/package.json
12 verbose installManyTop reading scoped package data from /home/musichen/dev/p/appjs/togglreport/data/node_modules/mime/package.json
13 verbose readDependencies loading dependencies from /home/musichen/dev/p/appjs/togglreport/data/package.json
14 verbose targetResolver reading package data from /home/musichen/dev/p/appjs/togglreport/data/node_modules/appjs/package.json
15 verbose targetResolver reading package data from /home/musichen/dev/p/appjs/togglreport/data/node_modules/appjs-linux-x64/package.json
16 verbose targetResolver reading package data from /home/musichen/dev/p/appjs/togglreport/data/node_modules/mime/package.json
17 silly cache add args [ 'appjs-win32@^0.0.20', null ]
18 verbose cache add spec appjs-win32@^0.0.20
19 silly cache add parsed spec { raw: 'appjs-win32@^0.0.20',
19 silly cache add   scope: null,
19 silly cache add   name: 'appjs-win32',
19 silly cache add   rawSpec: '^0.0.20',
19 silly cache add   spec: '>=0.0.20 <0.0.21',
19 silly cache add   type: 'range' }
20 silly addNamed appjs-win32@>=0.0.20 <0.0.21
21 verbose addNamed ">=0.0.20 <0.0.21" is a valid semver range for appjs-win32
22 silly addNameRange { name: 'appjs-win32',
22 silly addNameRange   range: '>=0.0.20 <0.0.21',
22 silly addNameRange   hasData: false }
23 silly mapToRegistry name appjs-win32
24 silly mapToRegistry using default registry
25 silly mapToRegistry registry https://registry.npmjs.org/
26 silly mapToRegistry uri https://registry.npmjs.org/appjs-win32
27 verbose addNameRange registry:https://registry.npmjs.org/appjs-win32 not in flight; fetching
28 silly cache add args [ 'appjs-darwin@^0.0.20', null ]
29 verbose cache add spec appjs-darwin@^0.0.20
30 silly cache add parsed spec { raw: 'appjs-darwin@^0.0.20',
30 silly cache add   scope: null,
30 silly cache add   name: 'appjs-darwin',
30 silly cache add   rawSpec: '^0.0.20',
30 silly cache add   spec: '>=0.0.20 <0.0.21',
30 silly cache add   type: 'range' }
31 silly addNamed appjs-darwin@>=0.0.20 <0.0.21
32 verbose addNamed ">=0.0.20 <0.0.21" is a valid semver range for appjs-darwin
33 silly addNameRange { name: 'appjs-darwin',
33 silly addNameRange   range: '>=0.0.20 <0.0.21',
33 silly addNameRange   hasData: false }
34 silly mapToRegistry name appjs-darwin
35 silly mapToRegistry using default registry
36 silly mapToRegistry registry https://registry.npmjs.org/
37 silly mapToRegistry uri https://registry.npmjs.org/appjs-darwin
38 verbose addNameRange registry:https://registry.npmjs.org/appjs-darwin not in flight; fetching
39 verbose already installed skipping appjs@^0.0.20 /home/musichen/dev/p/appjs/togglreport/data
40 verbose already installed skipping mime@^1.2.7 /home/musichen/dev/p/appjs/togglreport/data
41 verbose request uri https://registry.npmjs.org/appjs-win32
42 verbose request no auth needed
43 info attempt registry request try #1 at 11:46:12
44 verbose request id a55470302d1d5dea
45 http request GET https://registry.npmjs.org/appjs-win32
46 verbose already installed skipping appjs-linux-x64@^0.0.20 /home/musichen/dev/p/appjs/togglreport/data
47 verbose request uri https://registry.npmjs.org/appjs-darwin
48 verbose request no auth needed
49 info attempt registry request try #1 at 11:46:12
50 http request GET https://registry.npmjs.org/appjs-darwin
51 http 200 https://registry.npmjs.org/appjs-darwin
52 silly get cb [ 200,
52 silly get   { server: 'CouchDB/1.5.0 (Erlang OTP/R16B03)',
52 silly get     etag: '"6BAYXX5XIOKZ4MF1ULPU4J2SG"',
52 silly get     'content-type': 'application/json',
52 silly get     'content-encoding': 'gzip',
52 silly get     'cache-control': 'max-age=300',
52 silly get     'content-length': '1181',
52 silly get     'accept-ranges': 'bytes',
52 silly get     date: 'Fri, 29 Apr 2016 09:46:12 GMT',
52 silly get     via: '1.1 varnish',
52 silly get     age: '7',
52 silly get     connection: 'keep-alive',
52 silly get     'x-served-by': 'cache-ams4129-AMS',
52 silly get     'x-cache': 'HIT',
52 silly get     'x-cache-hits': '1',
52 silly get     'x-timer': 'S1461923172.808632,VS0,VE0',
52 silly get     vary: 'Accept-Encoding' } ]
53 verbose get saving appjs-darwin to /home/musichen/.npm/registry.npmjs.org/appjs-darwin/.cache.json
54 silly addNameRange number 2 { name: 'appjs-darwin',
54 silly addNameRange   range: '>=0.0.20 <0.0.21',
54 silly addNameRange   hasData: true }
55 silly addNameRange versions [ 'appjs-darwin', [ '0.0.18', '0.0.19' ] ]
56 http 200 https://registry.npmjs.org/appjs-win32
57 silly get cb [ 200,
57 silly get   { server: 'CouchDB/1.5.0 (Erlang OTP/R16B03)',
57 silly get     etag: '"712NGUV026MVSBL5L032HLSNR"',
57 silly get     'content-type': 'application/json',
57 silly get     'cache-control': 'max-age=300',
57 silly get     'content-length': '3878',
57 silly get     'accept-ranges': 'bytes',
57 silly get     date: 'Fri, 29 Apr 2016 09:46:13 GMT',
57 silly get     via: '1.1 varnish',
57 silly get     age: '0',
57 silly get     connection: 'keep-alive',
57 silly get     'x-served-by': 'cache-ams4127-AMS',
57 silly get     'x-cache': 'MISS',
57 silly get     'x-cache-hits': '0',
57 silly get     'x-timer': 'S1461923172.836957,VS0,VE716',
57 silly get     vary: 'Accept-Encoding' } ]
58 verbose get saving appjs-win32 to /home/musichen/.npm/registry.npmjs.org/appjs-win32/.cache.json
59 silly addNameRange number 2 { name: 'appjs-win32', range: '>=0.0.20 <0.0.21', hasData: true }
60 silly addNameRange versions [ 'appjs-win32', [ '0.0.18', '0.0.19' ] ]
61 verbose stack Error: No compatible version found: appjs-darwin@'>=0.0.20 <0.0.21'
61 verbose stack Valid install targets:
61 verbose stack ["0.0.18","0.0.19"]
61 verbose stack
61 verbose stack     at installTargetsError (/home/musichen/.nvm/versions/io.js/v1.8.4/lib/node_modules/npm/lib/cache/add-named.js:262:12)
61 verbose stack     at next (/home/musichen/.nvm/versions/io.js/v1.8.4/lib/node_modules/npm/lib/cache/add-named.js:241:17)
61 verbose stack     at setData (/home/musichen/.nvm/versions/io.js/v1.8.4/lib/node_modules/npm/lib/cache/add-named.js:218:5)
61 verbose stack     at RES (/home/musichen/.nvm/versions/io.js/v1.8.4/lib/node_modules/npm/node_modules/inflight/inflight.js:23:14)
61 verbose stack     at f (/home/musichen/.nvm/versions/io.js/v1.8.4/lib/node_modules/npm/node_modules/once/once.js:17:25)
61 verbose stack     at saved (/home/musichen/.nvm/versions/io.js/v1.8.4/lib/node_modules/npm/lib/cache/caching-client.js:173:7)
61 verbose stack     at FSReqWrap.oncomplete (fs.js:78:15)
62 verbose cwd /home/musichen/dev/p/appjs/togglreport/data
63 error Linux 3.19.0-58-generic
64 error argv "/home/musichen/.nvm/versions/io.js/v1.8.4/bin/iojs" "/home/musichen/.nvm/versions/io.js/v1.8.4/bin/npm" "install"
65 error node v1.8.4
66 error npm  v2.9.0
67 error code ETARGET
68 error notarget No compatible version found: appjs-darwin@'>=0.0.20 <0.0.21'
68 error notarget Valid install targets:
68 error notarget ["0.0.18","0.0.19"]
68 error notarget
68 error notarget This is most likely not a problem with npm itself.
68 error notarget In most cases you or one of your dependencies are requesting
68 error notarget a package version that doesn't exist.
68 error notarget
68 error notarget It was specified as a dependency of 'togglreport'
69 verbose exit [ 1, true ]
